<?xml version="1.0" encoding="UTF-8"?>
<!-- Generated by org.testng.reporters.JUnitReportReporter -->
<testsuite skipped="0" hostname="LAPTOP-QFI6FBF4" name="SeleniumBasics.SelDropdown" tests="1" failures="0" timestamp="07 Jun 2020 19:33:38 GMT" time="7.359" errors="0">
  <testcase name="alert" time="7.359" classname="SeleniumBasics.SelDropdown"/>
</testsuite> <!-- SeleniumBasics.SelDropdown -->
