<?xml version="1.0" encoding="UTF-8"?>
<!-- Generated by org.testng.reporters.JUnitReportReporter -->
<testsuite skipped="0" hostname="LAPTOP-QFI6FBF4" name="restAssured_API.basic" tests="2" failures="0" timestamp="21 Apr 2020 23:57:21 GMT" time="3.182" errors="0">
  <testcase name="GET" time="2.945" classname="restAssured_API.basic"/>
  <testcase name="POST" time="0.237" classname="restAssured_API.basic"/>
</testsuite> <!-- restAssured_API.basic -->
