<?xml version="1.0" encoding="UTF-8"?>
<!-- Generated by org.testng.reporters.JUnitReportReporter -->
<testsuite skipped="0" hostname="LAPTOP-QFI6FBF4" name="SeleniumBasics.NavigationMethods" tests="1" failures="0" timestamp="01 Jun 2020 16:29:24 GMT" time="9.729" errors="0">
  <testcase name="navigateMethods" time="9.729" classname="SeleniumBasics.NavigationMethods"/>
</testsuite> <!-- SeleniumBasics.NavigationMethods -->
