<?xml version="1.0" encoding="UTF-8"?>
<!-- Generated by org.testng.reporters.JUnitReportReporter -->
<testsuite skipped="0" hostname="LAPTOP-QFI6FBF4" name="SeleniumBasics.Select" tests="1" failures="0" timestamp="23 Apr 2020 20:10:53 GMT" time="25.347" errors="0">
  <testcase name="example" time="25.347" classname="SeleniumBasics.Select"/>
</testsuite> <!-- SeleniumBasics.Select -->
