<?xml version="1.0" encoding="UTF-8"?>
<!-- Generated by org.testng.reporters.JUnitReportReporter -->
<testsuite skipped="0" hostname="LAPTOP-QFI6FBF4" name="InterviewPro.ExcelReader" tests="3" failures="0" timestamp="27 Apr 2020 22:05:48 GMT" time="0.010" errors="0">
  <testcase name="reader" time="0.001" classname="InterviewPro.ExcelReader"/>
  <testcase name="reader" time="0.001" classname="InterviewPro.ExcelReader"/>
  <testcase name="reader" time="0.008" classname="InterviewPro.ExcelReader"/>
</testsuite> <!-- InterviewPro.ExcelReader -->
