<?xml version="1.0" encoding="UTF-8"?>
<!-- Generated by org.testng.reporters.JUnitReportReporter -->
<testsuite skipped="0" hostname="LAPTOP-QFI6FBF4" name="restAssured_API.TC04" tests="3" failures="0" timestamp="04 Aug 2020 23:36:54 GMT" time="6.688" errors="0">
  <testcase name="getPOSTMethod" time="5.709" classname="restAssured_API.TC04"/>
  <testcase name="getStatusCode" time="0.726" classname="restAssured_API.TC04"/>
  <testcase name="getresponseBody" time="0.253" classname="restAssured_API.TC04"/>
</testsuite> <!-- restAssured_API.TC04 -->
