<?xml version="1.0" encoding="UTF-8"?>
<!-- Generated by org.testng.reporters.JUnitReportReporter -->
<testsuite skipped="0" hostname="LAPTOP-QFI6FBF4" name="restAssured_API.TC01" tests="1" failures="0" timestamp="22 Apr 2020 17:26:26 GMT" time="2.732" errors="0">
  <testcase name="POST" time="2.732" classname="restAssured_API.TC01"/>
</testsuite> <!-- restAssured_API.TC01 -->
