<?xml version="1.0" encoding="UTF-8"?>
<!-- Generated by org.testng.reporters.JUnitReportReporter -->
<testsuite skipped="0" hostname="LAPTOP-QFI6FBF4" name="SeleniumBasics.checkBoxes" tests="1" failures="0" timestamp="24 Apr 2020 18:31:51 GMT" time="8.968" errors="0">
  <testcase name="checkBConcept" time="8.968" classname="SeleniumBasics.checkBoxes"/>
</testsuite> <!-- SeleniumBasics.checkBoxes -->
