<?xml version="1.0" encoding="UTF-8"?>
<!-- Generated by org.testng.reporters.JUnitReportReporter -->
<testsuite skipped="0" hostname="LAPTOP-QFI6FBF4" name="SeleniumBasics.BrowserMethods" tests="1" failures="0" timestamp="01 Jun 2020 15:35:25 GMT" time="8.474" errors="0">
  <testcase name="methods" time="8.474" classname="SeleniumBasics.BrowserMethods"/>
</testsuite> <!-- SeleniumBasics.BrowserMethods -->
