<?xml version="1.0" encoding="UTF-8"?>
<!-- Generated by org.testng.reporters.JUnitReportReporter -->
<testsuite skipped="0" hostname="LAPTOP-QFI6FBF4" name="InterviewPro.DataGame" tests="1" failures="0" timestamp="09 Jun 2020 15:31:29 GMT" time="21.796" errors="0">
  <testcase name="init" time="21.796" classname="InterviewPro.DataGame"/>
</testsuite> <!-- InterviewPro.DataGame -->
