<?xml version="1.0" encoding="UTF-8"?>
<!-- Generated by org.testng.reporters.JUnitReportReporter -->
<testsuite skipped="0" hostname="LAPTOP-QFI6FBF4" name="selConcepts.KeyPressEvent" tests="1" failures="0" timestamp="06 Jun 2020 20:59:09 GMT" time="6.263" errors="0">
  <testcase name="keyEventTest" time="6.263" classname="selConcepts.KeyPressEvent"/>
</testsuite> <!-- selConcepts.KeyPressEvent -->
