<?xml version="1.0" encoding="UTF-8"?>
<!-- Generated by org.testng.reporters.JUnitReportReporter -->
<testsuite skipped="0" hostname="LAPTOP-QFI6FBF4" name="javaCollections.LoginTest" tests="3" failures="0" timestamp="07 Jun 2020 18:01:18 GMT" time="132.560" errors="0">
  <testcase name="doLoginTest" time="60.206" classname="javaCollections.LoginTest"/>
  <testcase name="doLoginTest" time="59.893" classname="javaCollections.LoginTest"/>
  <testcase name="doLoginTest" time="12.461" classname="javaCollections.LoginTest"/>
</testsuite> <!-- javaCollections.LoginTest -->
