<?xml version="1.0" encoding="UTF-8"?>
<!-- Generated by org.testng.reporters.JUnitReportReporter -->
<testsuite skipped="0" hostname="LAPTOP-QFI6FBF4" name="SeleniumBasics.WebTable" tests="1" failures="0" timestamp="24 Apr 2020 19:12:42 GMT" time="151.513" errors="0">
  <testcase name="webtableConcept" time="151.513" classname="SeleniumBasics.WebTable"/>
</testsuite> <!-- SeleniumBasics.WebTable -->
