<?xml version="1.0" encoding="UTF-8"?>
<!-- Generated by org.testng.reporters.JUnitReportReporter -->
<testsuite skipped="0" hostname="LAPTOP-QFI6FBF4" name="restAssured_API.TC04" tests="3" failures="0" timestamp="14 May 2020 23:22:44 GMT" time="3.113" errors="0">
  <testcase name="getPOSTMethod" time="2.511" classname="restAssured_API.TC04"/>
  <testcase name="getStatusCode" time="0.364" classname="restAssured_API.TC04"/>
  <testcase name="getresponseBody" time="0.238" classname="restAssured_API.TC04"/>
</testsuite> <!-- restAssured_API.TC04 -->
