<?xml version="1.0" encoding="UTF-8"?>
<!-- Generated by org.testng.reporters.JUnitReportReporter -->
<testsuite skipped="0" hostname="LAPTOP-QFI6FBF4" name="SeleniumBasics.DropDown" tests="2" failures="0" timestamp="27 Apr 2020 20:29:09 GMT" time="29.998" errors="0">
  <testcase name="example" time="13.989" classname="SeleniumBasics.DropDown"/>
  <testcase name="selectfun" time="16.009" classname="SeleniumBasics.DropDown"/>
</testsuite> <!-- SeleniumBasics.DropDown -->
