<?xml version="1.0" encoding="UTF-8"?>
<!-- Generated by org.testng.reporters.JUnitReportReporter -->
<testsuite skipped="0" hostname="LAPTOP-QFI6FBF4" name="restAssured_API.TC03" tests="1" failures="0" timestamp="14 May 2020 16:14:49 GMT" time="2.942" errors="0">
  <testcase name="PostReq" time="2.942" classname="restAssured_API.TC03"/>
</testsuite> <!-- restAssured_API.TC03 -->
