<?xml version="1.0" encoding="UTF-8"?>
<!-- Generated by org.testng.reporters.JUnitReportReporter -->
<testsuite skipped="0" hostname="LAPTOP-QFI6FBF4" name="restAssured_API.TC05" tests="1" failures="0" timestamp="12 Jun 2020 03:41:07 GMT" time="4.151" errors="0">
  <testcase name="reqSample" time="4.151" classname="restAssured_API.TC05"/>
</testsuite> <!-- restAssured_API.TC05 -->
